<?xml version="1.0" encoding="UTF-8"?>
<!-- Generated by org.testng.reporters.JUnitXMLReporter -->
<testsuite ignored="0" hostname="HP-Pavilion" failures="0" tests="3" name="Test" time="163.185" errors="0" timestamp="2022-07-27T16:26:33 IST">
  <testcase classname="academy.HomePageTest" name="basepagenavigation" time="39.999"/>
  <testcase classname="academy.HomePageTest" name="basepagenavigation" time="88.153"/>
  <testcase classname="academy.ValidateTitleTest" name="getTitleTxt" time="0.096"/>
</testsuite> <!-- Test -->
