<?xml version="1.0" encoding="UTF-8"?>
<!-- Generated by org.testng.reporters.JUnitXMLReporter -->
<testsuite hostname="HP-Pavilion" ignored="0" name="Test" tests="3" failures="0" timestamp="2022-07-27T16:15:44 IST" time="79.486" errors="0">
  <testcase name="basepagenavigation" time="32.711" classname="academy.HomePageTest"/>
  <testcase name="basepagenavigation" time="18.648" classname="academy.HomePageTest"/>
  <testcase name="getTitleTxt" time="0.08" classname="academy.ValidateTitleTest"/>
</testsuite> <!-- Test -->
