<?xml version="1.0" encoding="UTF-8"?>
<!-- Generated by org.testng.reporters.JUnitXMLReporter -->
<testsuite hostname="HP-Pavilion" ignored="0" name="validating Log With different data" tests="4" failures="1" timestamp="2022-08-04T12:26:29 IST" time="43.382" errors="0">
  <testcase name="getTitleTxt" time="0.038" classname="academy.ValidateTitleTest">
    <failure type="java.lang.AssertionError" message="expected [FEATURED COURSES123] but found [FEATURED COURSES]">
      <![CDATA[java.lang.AssertionError: expected [FEATURED COURSES123] but found [FEATURED COURSES]
at academy.ValidateTitleTest.getTitleTxt(ValidateTitleTest.java:36)
at java.util.ArrayList.forEach(ArrayList.java:1259)
at java.util.concurrent.FutureTask.run(FutureTask.java:266)
at java.util.concurrent.ThreadPoolExecutor.runWorker(ThreadPoolExecutor.java:1149)
at java.util.concurrent.ThreadPoolExecutor$Worker.run(ThreadPoolExecutor.java:624)
at java.lang.Thread.run(Thread.java:748)
... Removed 23 stack frames]]>
    </failure>
  </testcase> <!-- getTitleTxt -->
  <testcase name="validateHeader" time="0.026" classname="academy.ValidateTitleTest"/>
  <testcase name="basepagenavigation" time="22.355" classname="academy.HomePageTest"/>
  <testcase name="basepagenavigation" time="17.724" classname="academy.HomePageTest"/>
</testsuite> <!-- validating Log With different data -->
