<?xml version="1.0" encoding="UTF-8"?>
<!-- Generated by org.testng.reporters.JUnitXMLReporter -->
<testsuite hostname="HP-Pavilion" ignored="0" name="Validate Title and navigation bar" tests="3" failures="0" timestamp="2022-08-03T12:12:35 IST" time="0.034" errors="0">
  <testcase name="@BeforeTest initilizeandlaunch" time="0.007" classname="academy.ValidateTitleTest">
    <failure type="java.lang.NullPointerException">
      <![CDATA[java.lang.NullPointerException
at resources.Base.initilizeDriver(Base.java:51)
at academy.ValidateTitleTest.initilizeandlaunch(ValidateTitleTest.java:21)
at java.util.concurrent.FutureTask.run(FutureTask.java:266)
at java.util.concurrent.ThreadPoolExecutor.runWorker(ThreadPoolExecutor.java:1149)
at java.util.concurrent.ThreadPoolExecutor$Worker.run(ThreadPoolExecutor.java:624)
at java.lang.Thread.run(Thread.java:748)
... Removed 15 stack frames]]>
    </failure>
  </testcase> <!-- @BeforeTest initilizeandlaunch -->
  <testcase name="@AfterTest TeardownEnv" time="-1.659508955707E9" classname="academy.ValidateTitleTest">
    <skipped/>
  </testcase> <!-- @AfterTest TeardownEnv -->
  <testcase name="getTitleTxt" time="0.0" classname="academy.ValidateTitleTest">
    <skipped/>
  </testcase> <!-- getTitleTxt -->
  <testcase name="basepagenavigation" time="0.0" classname="academy.HomePageTest">
    <skipped/>
  </testcase> <!-- basepagenavigation -->
  <testcase name="basepagenavigation" time="0.0" classname="academy.HomePageTest">
    <skipped/>
  </testcase> <!-- basepagenavigation -->
</testsuite> <!-- Validate Title and navigation bar -->
