<?xml version="1.0" encoding="UTF-8"?>
<testng-results ignored="0" total="2" passed="2" failed="0" skipped="0">
  <reporter-output>
  </reporter-output>
  <suite started-at="2022-09-01T12:26:10 IST" name="Default suite" finished-at="2022-09-01T12:26:10 IST" duration-ms="36">
    <groups>
    </groups>
    <test started-at="2022-09-01T12:26:10 IST" name="Default test" finished-at="2022-09-01T12:26:10 IST" duration-ms="36">
      <class name="academy.FactorialNo">
        <test-method signature="Palindrome()[pri:0, instance:academy.FactorialNo@bd4dc25]" started-at="2022-09-01T12:26:10 IST" name="Palindrome" finished-at="2022-09-01T12:26:10 IST" duration-ms="7" status="PASS">
          <reporter-output>
          </reporter-output>
        </test-method> <!-- Palindrome -->
        <test-method signature="factorial()[pri:0, instance:academy.FactorialNo@bd4dc25]" started-at="2022-09-01T12:26:10 IST" name="factorial" finished-at="2022-09-01T12:26:10 IST" duration-ms="1" status="PASS">
          <reporter-output>
          </reporter-output>
        </test-method> <!-- factorial -->
      </class> <!-- academy.FactorialNo -->
    </test> <!-- Default test -->
  </suite> <!-- Default suite -->
</testng-results>
