<?xml version="1.0" encoding="UTF-8"?>
<testng-results ignored="0" total="1" passed="1" failed="0" skipped="0">
  <reporter-output>
  </reporter-output>
  <suite started-at="2022-09-01T11:52:01 IST" name="Default suite" finished-at="2022-09-01T11:52:01 IST" duration-ms="37">
    <groups>
    </groups>
    <test started-at="2022-09-01T11:52:01 IST" name="Default test" finished-at="2022-09-01T11:52:01 IST" duration-ms="37">
      <class name="academy.FactorialNo">
        <test-method signature="factorial()[pri:0, instance:academy.FactorialNo@4efc180e]" started-at="2022-09-01T11:52:01 IST" name="factorial" finished-at="2022-09-01T11:52:01 IST" duration-ms="6" status="PASS">
          <reporter-output>
          </reporter-output>
        </test-method> <!-- factorial -->
      </class> <!-- academy.FactorialNo -->
    </test> <!-- Default test -->
  </suite> <!-- Default suite -->
</testng-results>
